[info] welcome to sbt 1.10.1 (Oracle Corporation Java 17.0.11)
[info] loading settings for project node-build from plugins.sbt ...
[info] loading project definition from /home/g/node/project
[info] loading settings for project node from build.sbt ...
[info] set current project to consensus-client (in build file:/home/g/node/)
[success] All package validations passed
Making /tmp/sbt_3c883208/consensus-client-1.0.0-78b2e150676cce84e799d53469c55686241833d6-DIRTY/consensus-client-1.0.0-78b2e150676cce84e799d53469c55686241833d6-DIRTY/lib/network.units.consensus-client-1.0.0-78b2e150676cce84e799d53469c55686241833d6-DIRTY.jar executable
Running with tar -pcvf /tmp/sbt_3c883208/consensus-client-1.0.0-78b2e150676cce84e799d53469c55686241833d6-DIRTY.tar consensus-client-1.0.0-78b2e150676cce84e799d53469c55686241833d6-DIRTY
consensus-client-1.0.0-78b2e150676cce84e799d53469c55686241833d6-DIRTY/
consensus-client-1.0.0-78b2e150676cce84e799d53469c55686241833d6-DIRTY/lib/
consensus-client-1.0.0-78b2e150676cce84e799d53469c55686241833d6-DIRTY/lib/com.softwaremill.sttp.client3.play-json_2.13-3.9.8.jar
consensus-client-1.0.0-78b2e150676cce84e799d53469c55686241833d6-DIRTY/lib/com.github.jwt-scala.jwt-play-json_2.13-10.0.1.jar
consensus-client-1.0.0-78b2e150676cce84e799d53469c55686241833d6-DIRTY/lib/org.playframework.play-json_2.13-3.0.3.jar
consensus-client-1.0.0-78b2e150676cce84e799d53469c55686241833d6-DIRTY/lib/com.softwaremill.sttp.shared.core_2.13-1.3.16.jar
consensus-client-1.0.0-78b2e150676cce84e799d53469c55686241833d6-DIRTY/lib/com.softwaremill.sttp.shared.ws_2.13-1.3.16.jar
consensus-client-1.0.0-78b2e150676cce84e799d53469c55686241833d6-DIRTY/lib/network.units.consensus-client-1.0.0-78b2e150676cce84e799d53469c55686241833d6-DIRTY.jar
consensus-client-1.0.0-78b2e150676cce84e799d53469c55686241833d6-DIRTY/lib/com.github.jwt-scala.jwt-core_2.13-10.0.1.jar
consensus-client-1.0.0-78b2e150676cce84e799d53469c55686241833d6-DIRTY/lib/com.softwaremill.sttp.model.core_2.13-1.7.9.jar
consensus-client-1.0.0-78b2e150676cce84e799d53469c55686241833d6-DIRTY/lib/com.github.jwt-scala.jwt-json-common_2.13-10.0.1.jar
consensus-client-1.0.0-78b2e150676cce84e799d53469c55686241833d6-DIRTY/lib/com.softwaremill.sttp.client3.core_2.13-3.9.8.jar
consensus-client-1.0.0-78b2e150676cce84e799d53469c55686241833d6-DIRTY/lib/org.playframework.play-functional_2.13-3.0.3.jar
consensus-client-1.0.0-78b2e150676cce84e799d53469c55686241833d6-DIRTY/lib/com.softwaremill.sttp.client3.json-common_2.13-3.9.8.jar
[success] Total time: 1 s, completed Oct 8, 2024, 10:23:51 AM
