09:19:18 [I] src/nodes.ts:28: EL clients RPC: http://ec-1:8545, http://ec-2:8545
09:19:18 [I] src/nodes.ts:35: Waves Node HTTP API: http://wavesnode-1:6869, http://wavesnode-2:6869
09:19:18 [I] src/waves.ts:26: Set up CL
09:19:18 [I] src/waves.ts:74: Wait Waves 1 node
09:19:18 [D] src/waves-utils.ts:18: Wait for http://wavesnode-1:6869
09:19:18 [D] src/waves-utils.ts:24: API is not available
09:19:21 [D] src/waves-utils.ts:18: Wait for http://wavesnode-1:6869
09:19:22 [I] src/waves-utils.ts:21: Current height: 1
09:19:22 [I] src/waves.ts:77: Wait Waves node has at least one peer
09:19:24 [I] src/waves.ts:84: Waves nodes peers: 1
09:19:24 [I] src/waves.ts:86: Deploy chain contract
09:19:24 [I] src/waves.ts:34: Compile CL chain contract
09:19:25 [I] src/waves.ts:39: Deploy CL chain contract
09:19:26 [D] src/waves-utils.ts:32: Wait for 4zAXBJC8tQFrxBoTuwm1G49rTnz3QyFsZWimiSXyBybj
09:19:27 [D] src/waves-utils.ts:32: Wait for 4zAXBJC8tQFrxBoTuwm1G49rTnz3QyFsZWimiSXyBybj
09:19:28 [D] src/waves-utils.ts:32: Wait for 4zAXBJC8tQFrxBoTuwm1G49rTnz3QyFsZWimiSXyBybj
09:19:29 [D] src/waves-utils.ts:32: Wait for 4zAXBJC8tQFrxBoTuwm1G49rTnz3QyFsZWimiSXyBybj
09:19:32 [I] src/waves.ts:92: Setup chain contract
09:19:32 [I] src/waves.ts:50: EL genesis block hash: 0x1cf56bb5ef1af9489dc2933ee325c62de1bd05af3fafcba4e9c7269622241cfd
09:19:32 [D] src/waves-utils.ts:32: Wait for 64cjxeJEFq4oYeXUm1SEKc2Y4Jn3oYXa7Ghrz7YriMMK
09:19:33 [D] src/waves-utils.ts:32: Wait for 64cjxeJEFq4oYeXUm1SEKc2Y4Jn3oYXa7Ghrz7YriMMK
09:19:34 [D] src/waves-utils.ts:32: Wait for 64cjxeJEFq4oYeXUm1SEKc2Y4Jn3oYXa7Ghrz7YriMMK
09:19:37 [I] src/waves.ts:96: Join miner 1
09:19:37 [I] src/waves.ts:99: Join miner 2
09:19:38 [I] src/waves.ts:103: Get token id on CL
09:19:38 [I] src/waves.ts:108: Asset id fMzFwSZAaUPsFySM9gEzSDz9Sp8FcqUUWY7DY1emJEC from { key: 'tokenId', type: 'string', value: 'fMzFwSZAaUPsFySM9gEzSDz9Sp8FcqUUWY7DY1emJEC' }
09:19:38 [I] src/waves.ts:110: CL was set up
09:19:38 [I] src/el.ts:74: Set up EL
09:19:38 [I] src/el.ts:76: Wait for EL nodes
09:19:38 [D] src/el-utils.ts:17: Current block number is 0
09:19:41 [D] src/el-utils.ts:17: Current block number is 0
09:19:44 [D] src/el-utils.ts:17: Current block number is 0
09:19:47 [D] src/el-utils.ts:17: Current block number is 0
09:19:50 [D] src/el-utils.ts:17: Current block number is 0
09:19:53 [D] src/el-utils.ts:17: Current block number is 0
09:19:56 [D] src/el-utils.ts:17: Current block number is 1
09:19:59 [D] src/el-utils.ts:17: Current block number is 1
09:20:02 [I] src/el.ts:86: EL was set up
